<?xml version="1.0" encoding="UTF-8"?>
<!-- Generated by org.testng.reporters.JUnitXMLReporter -->
<testsuite ignored="0" hostname="DESKTOP-MUMMMVL" failures="0" tests="7" name="FeeCrm app Test cases" time="159.344" errors="0" timestamp="2021-07-16T15:57:36 IST">
  <testcase classname="com.crm.qa.testcases.LoginPageTest" name="loginPageTitleTest" time="0.038"/>
  <testcase classname="com.crm.qa.testcases.LoginPageTest" name="CRMLogoImageTest" time="0.252"/>
  <testcase classname="com.crm.qa.testcases.LoginPageTest" name="loginTest" time="11.055"/>
  <testcase classname="com.crm.qa.testcases.HomepageTest" name="verifyHomePageTitleTest" time="0.012"/>
  <testcase classname="com.crm.qa.testcases.HomepageTest" name="verifyUsernametest" time="0.103"/>
  <testcase classname="com.crm.qa.testcases.HomepageTest" name="verifycontactlinktest" time="1.225"/>
  <testcase classname="com.crm.qa.testcases.ContactspageTest" name="validateCreateNewContact" time="0.0">
    <skipped/>
  </testcase> <!-- validateCreateNewContact -->
</testsuite> <!-- FeeCrm app Test cases -->
