<?xml version="1.0" encoding="UTF-8"?>
<!-- Generated by org.testng.reporters.JUnitXMLReporter -->
<testsuite ignored="0" hostname="DESKTOP-MUMMMVL" failures="0" tests="9" name="FeeCrm app Test cases" time="215.269" errors="0" timestamp="2021-04-16T20:28:10 IST">
  <testcase classname="com.crm.qa.testcases.LoginPageTest" name="loginPageTitleTest" time="0.032"/>
  <testcase classname="com.crm.qa.testcases.LoginPageTest" name="CRMLogoImageTest" time="0.129"/>
  <testcase classname="com.crm.qa.testcases.LoginPageTest" name="loginTest" time="12.011"/>
  <testcase classname="com.crm.qa.testcases.HomepageTest" name="verifyHomePageTitleTest" time="0.011"/>
  <testcase classname="com.crm.qa.testcases.HomepageTest" name="verifyUsernametest" time="0.11"/>
  <testcase classname="com.crm.qa.testcases.HomepageTest" name="verifycontactlinktest" time="1.185"/>
  <testcase classname="com.crm.qa.testcases.ContactspageTest" name="verifycontactpagelabel" time="0.064"/>
  <testcase classname="com.crm.qa.testcases.ContactspageTest" name="contacttest" time="0.235"/>
  <testcase classname="com.crm.qa.testcases.ContactspageTest" name="mulitiplecontacttest" time="0.487"/>
</testsuite> <!-- FeeCrm app Test cases -->
