<?xml version="1.0" encoding="UTF-8"?>
<!-- Generated by org.testng.reporters.JUnitXMLReporter -->
<testsuite ignored="0" hostname="DESKTOP-MUMMMVL" failures="0" tests="7" name="Default test" time="129.791" errors="0" timestamp="2021-07-05T18:49:35 IST">
  <testcase classname="com.crm.qa.testcases.LoginPageTest" name="loginPageTitleTest" time="0.023"/>
  <testcase classname="com.crm.qa.testcases.LoginPageTest" name="CRMLogoImageTest" time="0.183"/>
  <testcase classname="com.crm.qa.testcases.LoginPageTest" name="loginTest" time="11.276"/>
  <testcase classname="com.crm.qa.testcases.HomepageTest" name="verifyHomePageTitleTest" time="0.009"/>
  <testcase classname="com.crm.qa.testcases.HomepageTest" name="verifyUsernametest" time="0.097"/>
  <testcase classname="com.crm.qa.testcases.HomepageTest" name="verifycontactlinktest" time="1.264"/>
  <testcase classname="com.crm.qa.testcases.ContactspageTest" name="validateCreateNewContact" time="0.0">
    <skipped/>
  </testcase> <!-- validateCreateNewContact -->
</testsuite> <!-- Default test -->
